<?xml version="1.0" encoding="UTF-8"?>
<!-- Generated by org.testng.reporters.JUnitReportReporter -->
<testsuite hostname="Srujal-Swayam" failures="0" tests="3" name="com.crm.qa.testcases.HomePageTest" time="29.154" errors="0" timestamp="2024-11-25T18:48:51 IST" skipped="0">
  <testcase classname="com.crm.qa.testcases.HomePageTest" name="verifyHomePageTitleTest" time="6.134"/>
  <testcase classname="com.crm.qa.testcases.HomePageTest" name="verifyUsernameTest" time="11.957"/>
  <testcase classname="com.crm.qa.testcases.HomePageTest" name="verifyContactsLinkTest" time="11.063"/>
</testsuite> <!-- com.crm.qa.testcases.HomePageTest -->
