<?xml version="1.0" encoding="UTF-8"?>
<!-- Generated by org.testng.reporters.JUnitReportReporter -->
<testsuite hostname="Srujal-Swayam" failures="0" tests="3" name="com.crm.qa.testcases.LoginPageTest" time="26.271" errors="0" timestamp="2024-12-01T21:04:51 IST" skipped="0">
  <testcase classname="com.crm.qa.testcases.LoginPageTest" name="loginPageTitleTest" time="6.405"/>
  <testcase classname="com.crm.qa.testcases.LoginPageTest" name="crmLogoTextTest" time="11.339"/>
  <testcase classname="com.crm.qa.testcases.LoginPageTest" name="loginTest" time="8.527"/>
</testsuite> <!-- com.crm.qa.testcases.LoginPageTest -->
