<?xml version="1.0" encoding="UTF-8"?>
<!-- Generated by org.testng.reporters.JUnitReportReporter -->
<testsuite hostname="Srujal-Swayam" failures="0" tests="3" name="com.crm.qa.testcases.HomePageTest" time="19.605" errors="0" timestamp="2024-11-25T22:44:59 IST" skipped="0">
  <testcase classname="com.crm.qa.testcases.HomePageTest" name="verifyHomePageTitleTest" time="4.708"/>
  <testcase classname="com.crm.qa.testcases.HomePageTest" name="verifyUsernameTest" time="7.407"/>
  <testcase classname="com.crm.qa.testcases.HomePageTest" name="verifyContactsLinkTest" time="7.490"/>
</testsuite> <!-- com.crm.qa.testcases.HomePageTest -->
